PesoIdeal/PesoIdeal/app/build/intermediates/manifest_merge_blame_file/release/manifest-merger-blame-release-report.txt
1<?xml version="1.0" encoding="utf-8"?>
2<manifest xmlns:android="http://schemas.android.com/apk/res/android"
3    package="com.example.pesoideal"
4    android:versionCode="1"
5    android:versionName="1.0" >
6
7    <uses-sdk
7-->src\main\AndroidManifest.xml:4:5-43
8        android:minSdkVersion="15"
8-->src\main\AndroidManifest.xml:4:15-40
9        android:targetSdkVersion="29" />
9-->src\main\AndroidManifest.xml:4:5-43
10
11    <uses-permission android:name="android.permission.VIBRATE" />
11-->src\main\AndroidManifest.xml:5:5-65
11-->src\main\AndroidManifest.xml:5:22-63
12
13    <application
13-->src\main\AndroidManifest.xml:7:5-22:19
14        android:allowBackup="true"
14-->src\main\AndroidManifest.xml:8:9-35
15        android:appComponentFactory="androidx.core.app.CoreComponentFactory"
15-->[androidx.core:core:1.1.0] AndroidManifest.xml:24:18-86
16        android:icon="@mipmap/ic_launcher"
16-->src\main\AndroidManifest.xml:9:9-43
17        android:label="@string/app_name"
17-->src\main\AndroidManifest.xml:10:9-41
18        android:roundIcon="@mipmap/ic_launcher_round"
18-->src\main\AndroidManifest.xml:11:9-54
19        android:supportsRtl="true"
19-->src\main\AndroidManifest.xml:12:9-35
20        android:theme="@style/AppTheme" >
20-->src\main\AndroidManifest.xml:13:9-40
21        <activity android:name="com.example.pesoideal.ResultadoActivity" />
21-->src\main\AndroidManifest.xml:14:9-64
21-->src\main\AndroidManifest.xml:14:19-52
22        <activity android:name="com.example.pesoideal.MainActivity" >
22-->src\main\AndroidManifest.xml:15:9-21:20
22-->src\main\AndroidManifest.xml:15:19-47
23            <intent-filter>
23-->src\main\AndroidManifest.xml:16:13-20:29
24                <action android:name="android.intent.action.MAIN" />
24-->src\main\AndroidManifest.xml:17:17-69
24-->src\main\AndroidManifest.xml:17:25-66
25
26                <category android:name="android.intent.category.LAUNCHER" />
26-->src\main\AndroidManifest.xml:19:17-77
26-->src\main\AndroidManifest.xml:19:27-74
27            </intent-filter>
28        </activity>
29    </application>
30
31</manifest>